d:\resource\project\gamedev\opengl\learnopengl\learnopengl\x64\debug\vc143.pdb
d:\resource\project\gamedev\opengl\learnopengl\learnopengl\x64\debug\vc143.idb
d:\resource\project\gamedev\opengl\learnopengl\learnopengl\x64\debug\ch2_shaders.obj
d:\resource\project\gamedev\opengl\learnopengl\learnopengl\x64\debug\shader.obj
d:\resource\project\gamedev\opengl\learnopengl\learnopengl\x64\debug\ch2_shaders_1.obj
d:\resource\project\gamedev\opengl\learnopengl\learnopengl\x64\debug\ch1_hello_triangle.obj
d:\resource\project\gamedev\opengl\learnopengl\learnopengl\x64\debug\stb_image.obj
d:\resource\project\gamedev\opengl\learnopengl\learnopengl\x64\debug\ch3_textures.obj
d:\resource\project\gamedev\opengl\learnopengl\learnopengl\x64\debug\ch5_coordinate_system.obj
d:\resource\project\gamedev\opengl\learnopengl\learnopengl\x64\debug\ch4_transformations.obj
d:\resource\project\gamedev\opengl\learnopengl\learnopengl\x64\debug\camera.obj
d:\resource\project\gamedev\opengl\learnopengl\learnopengl\x64\debug\ch6_camera.obj
d:\resource\project\gamedev\opengl\learnopengl\learnopengl\x64\debug\ch7_color.obj
d:\resource\project\gamedev\opengl\learnopengl\learnopengl\x64\debug\ch8_basic_lighting.obj
d:\resource\project\gamedev\opengl\learnopengl\learnopengl\x64\debug\ch9_materials.obj
d:\resource\project\gamedev\opengl\learnopengl\learnopengl\x64\debug\ch10_lighting_map.obj
d:\resource\project\gamedev\opengl\learnopengl\learnopengl\x64\debug\ch11_light_caster.obj
d:\resource\project\gamedev\opengl\learnopengl\learnopengl\x64\debug\ch12_multiple_lights.obj
d:\resource\project\gamedev\opengl\learnopengl\learnopengl\x64\debug\mesh.obj
d:\resource\project\gamedev\opengl\learnopengl\learnopengl\x64\debug\ch13_mesh.obj
d:\resource\project\gamedev\opengl\learnopengl\learnopengl\x64\debug\model.obj
d:\resource\project\gamedev\opengl\learnopengl\x64\debug\learnopengl.exe
d:\resource\project\gamedev\opengl\learnopengl\x64\debug\learnopengl.pdb
d:\resource\project\gamedev\opengl\learnopengl\learnopengl\x64\debug\learnopengl.ilk
d:\resource\project\gamedev\opengl\learnopengl\learnopengl\x64\debug\glad.obj
d:\resource\project\gamedev\opengl\learnopengl\learnopengl\x64\debug\hello_triangle.obj
d:\resource\project\gamedev\opengl\learnopengl\learnopengl\x64\debug\main.obj
d:\resource\project\gamedev\opengl\learnopengl\learnopengl\x64\debug\shaders.obj
d:\resource\project\gamedev\opengl\learnopengl\learnopengl\x64\debug\ch10_lighting_map.obj.enc
d:\resource\project\gamedev\opengl\learnopengl\learnopengl\x64\debug\learnopengl.tlog\cl.command.1.tlog
d:\resource\project\gamedev\opengl\learnopengl\learnopengl\x64\debug\learnopengl.tlog\cl.items.tlog
d:\resource\project\gamedev\opengl\learnopengl\learnopengl\x64\debug\learnopengl.tlog\cl.read.1.tlog
d:\resource\project\gamedev\opengl\learnopengl\learnopengl\x64\debug\learnopengl.tlog\cl.write.1.tlog
d:\resource\project\gamedev\opengl\learnopengl\learnopengl\x64\debug\learnopengl.tlog\link.command.1.tlog
d:\resource\project\gamedev\opengl\learnopengl\learnopengl\x64\debug\learnopengl.tlog\link.read.1.tlog
d:\resource\project\gamedev\opengl\learnopengl\learnopengl\x64\debug\learnopengl.tlog\link.read.2.tlog
d:\resource\project\gamedev\opengl\learnopengl\learnopengl\x64\debug\learnopengl.tlog\link.read.3.tlog
d:\resource\project\gamedev\opengl\learnopengl\learnopengl\x64\debug\learnopengl.tlog\link.read.4.tlog
d:\resource\project\gamedev\opengl\learnopengl\learnopengl\x64\debug\learnopengl.tlog\link.secondary.1.tlog
d:\resource\project\gamedev\opengl\learnopengl\learnopengl\x64\debug\learnopengl.tlog\link.write.1.tlog
